2023-10-20 13:16:42.350 | INFO     | tickerstore.store:__init__:37 - Creating TickerStore instance object
2023-10-20 13:16:42.350 | INFO     | tickerstore.store:historical_data:116 - Starting to fetch historical data
2023-10-20 13:16:42.350 | INFO     | tickerstore.store:historical_data:141 - Trying source NSE for fetching historical data
2023-10-20 13:16:42.350 | INFO     | tickerstore.store:historical_data:143 - Calling nse_historical_data
2023-10-20 13:16:42.350 | ERROR    | tickerstore.store:historical_data:151 - NSE SourceError : not available for requested time interval.
2023-10-20 13:16:42.350 | ERROR    | tickerstore.store:historical_data:155 - None of the source provided any data
2023-10-20 13:17:36.992 | INFO     | tickerstore.store:__init__:37 - Creating TickerStore instance object
2023-10-20 13:17:36.992 | INFO     | tickerstore.store:historical_data:116 - Starting to fetch historical data
2023-10-20 13:17:36.992 | INFO     | tickerstore.store:historical_data:141 - Trying source NSE for fetching historical data
2023-10-20 13:17:36.992 | INFO     | tickerstore.store:historical_data:143 - Calling nse_historical_data
2023-10-20 13:17:36.993 | ERROR    | tickerstore.store:historical_data:151 - NSE SourceError : not available for requested time interval.
2023-10-20 13:17:36.993 | ERROR    | tickerstore.store:historical_data:155 - None of the source provided any data
2023-10-20 13:17:44.732 | INFO     | tickerstore.store:__init__:37 - Creating TickerStore instance object
2023-10-20 13:17:44.732 | INFO     | tickerstore.store:historical_data:116 - Starting to fetch historical data
2023-10-20 13:17:44.732 | INFO     | tickerstore.store:historical_data:141 - Trying source NSE for fetching historical data
2023-10-20 13:17:44.732 | INFO     | tickerstore.store:historical_data:143 - Calling nse_historical_data
2023-10-20 13:17:44.732 | ERROR    | tickerstore.store:historical_data:151 - NSE SourceError : not available for requested time interval.
2023-10-20 13:17:44.732 | ERROR    | tickerstore.store:historical_data:155 - None of the source provided any data
2023-10-20 13:18:02.519 | INFO     | tickerstore.store:__init__:37 - Creating TickerStore instance object
2023-10-20 13:18:02.520 | INFO     | tickerstore.store:historical_data:116 - Starting to fetch historical data
2023-10-20 13:18:02.520 | INFO     | tickerstore.store:historical_data:141 - Trying source NSE for fetching historical data
2023-10-20 13:18:02.520 | INFO     | tickerstore.store:historical_data:143 - Calling nse_historical_data
2023-10-20 13:18:02.520 | ERROR    | tickerstore.store:historical_data:151 - NSE SourceError : not available for requested time interval.
2023-10-20 13:18:02.520 | ERROR    | tickerstore.store:historical_data:155 - None of the source provided any data
2023-10-20 13:18:16.849 | INFO     | tickerstore.store:__init__:37 - Creating TickerStore instance object
2023-10-20 13:18:16.849 | INFO     | tickerstore.store:historical_data:116 - Starting to fetch historical data
2023-10-20 13:18:16.849 | INFO     | tickerstore.store:historical_data:141 - Trying source NSE for fetching historical data
2023-10-20 13:18:16.849 | INFO     | tickerstore.store:historical_data:143 - Calling nse_historical_data
2023-10-20 13:18:16.849 | ERROR    | tickerstore.store:historical_data:151 - NSE SourceError : not available for requested time interval.
2023-10-20 13:18:16.849 | ERROR    | tickerstore.store:historical_data:155 - None of the source provided any data
2023-10-20 13:19:09.551 | INFO     | tickerstore.store:__init__:37 - Creating TickerStore instance object
2023-10-20 13:19:09.552 | INFO     | tickerstore.store:historical_data:116 - Starting to fetch historical data
2023-10-20 13:19:09.552 | INFO     | tickerstore.store:historical_data:141 - Trying source NSE for fetching historical data
2023-10-20 13:19:09.552 | INFO     | tickerstore.store:historical_data:143 - Calling nse_historical_data
2023-10-20 13:19:09.552 | ERROR    | tickerstore.store:historical_data:151 - NSE SourceError : not available for requested time interval.
2023-10-20 13:19:09.552 | ERROR    | tickerstore.store:historical_data:155 - None of the source provided any data
2023-10-20 13:19:31.274 | INFO     | tickerstore.store:__init__:37 - Creating TickerStore instance object
2023-10-20 13:19:31.275 | INFO     | tickerstore.store:historical_data:116 - Starting to fetch historical data
2023-10-20 13:19:31.275 | INFO     | tickerstore.store:historical_data:141 - Trying source NSE for fetching historical data
2023-10-20 13:19:31.275 | INFO     | tickerstore.store:historical_data:143 - Calling nse_historical_data
2023-10-20 13:19:31.275 | ERROR    | tickerstore.store:historical_data:151 - NSE SourceError : not available for requested time interval.
2023-10-20 13:19:31.275 | ERROR    | tickerstore.store:historical_data:155 - None of the source provided any data
2023-10-20 13:24:02.640 | INFO     | tickerstore.store:__init__:37 - Creating TickerStore instance object
2023-10-20 13:24:02.641 | INFO     | tickerstore.store:historical_data:116 - Starting to fetch historical data
2023-10-20 13:24:02.641 | INFO     | tickerstore.store:historical_data:141 - Trying source NSE for fetching historical data
2023-10-20 13:24:02.641 | INFO     | tickerstore.store:historical_data:143 - Calling nse_historical_data
